ProjectApp/app/build/intermediates/manifest_merge_blame_file/debug/manifest-merger-blame-debug-report.txt
1<?xml version="1.0" encoding="utf-8"?>
2<manifest xmlns:android="http://schemas.android.com/apk/res/android"
3    package="com.example.projectapp"
4    android:versionCode="1"
5    android:versionName="1.0" >
6
7    <uses-sdk
8        android:minSdkVersion="21"
8-->src\main\AndroidManifest.xml
9        android:targetSdkVersion="32" />
9-->src\main\AndroidManifest.xml
10
11    <application
11-->src\main\AndroidManifest.xml:5:5-55:19
12        android:allowBackup="true"
12-->src\main\AndroidManifest.xml:6:9-35
13        android:appComponentFactory="androidx.core.app.CoreComponentFactory"
13-->[androidx.core:core:1.8.0] AndroidManifest.xml:24:18-86
14        android:dataExtractionRules="@xml/data_extraction_rules"
14-->src\main\AndroidManifest.xml:7:9-65
15        android:debuggable="true"
16        android:fullBackupContent="@xml/backup_rules"
16-->src\main\AndroidManifest.xml:8:9-54
17        android:icon="@mipmap/ic_launcher"
17-->src\main\AndroidManifest.xml:9:9-43
18        android:label="@string/app_name"
18-->src\main\AndroidManifest.xml:10:9-41
19        android:roundIcon="@mipmap/ic_launcher_round"
19-->src\main\AndroidManifest.xml:11:9-54
20        android:supportsRtl="true"
20-->src\main\AndroidManifest.xml:12:9-35
21        android:testOnly="true"
22        android:theme="@style/Theme.ProjectApp" >
22-->src\main\AndroidManifest.xml:13:9-48
23        <activity
23-->src\main\AndroidManifest.xml:15:9-21:20
24            android:name="com.example.projectapp.Activity.MainActivity"
24-->src\main\AndroidManifest.xml:16:13-50
25            android:exported="false" >
25-->src\main\AndroidManifest.xml:17:13-37
26            <meta-data
26-->src\main\AndroidManifest.xml:18:13-20:36
27                android:name="android.app.lib_name"
27-->src\main\AndroidManifest.xml:19:17-52
28                android:value="" />
28-->src\main\AndroidManifest.xml:20:17-33
29        </activity>
30        <activity
30-->src\main\AndroidManifest.xml:22:9-27:20
31            android:name="com.example.projectapp.Activity.ContactActivity"
31-->src\main\AndroidManifest.xml:23:13-53
32            android:exported="false" >
32-->src\main\AndroidManifest.xml:24:13-37
33            <meta-data
33-->src\main\AndroidManifest.xml:18:13-20:36
34                android:name="android.app.lib_name"
34-->src\main\AndroidManifest.xml:19:17-52
35                android:value="" />
35-->src\main\AndroidManifest.xml:20:17-33
36        </activity>
37        <activity
37-->src\main\AndroidManifest.xml:28:9-34:20
38            android:name="com.example.projectapp.Activity.ShowDetailActivity"
38-->src\main\AndroidManifest.xml:29:13-56
39            android:exported="false" >
39-->src\main\AndroidManifest.xml:30:13-37
40            <meta-data
40-->src\main\AndroidManifest.xml:18:13-20:36
41                android:name="android.app.lib_name"
41-->src\main\AndroidManifest.xml:19:17-52
42                android:value="" />
42-->src\main\AndroidManifest.xml:20:17-33
43        </activity>
44        <activity
44-->src\main\AndroidManifest.xml:35:9-41:20
45            android:name="com.example.projectapp.Activity.CartActivity"
45-->src\main\AndroidManifest.xml:36:13-50
46            android:exported="false" >
46-->src\main\AndroidManifest.xml:37:13-37
47            <meta-data
47-->src\main\AndroidManifest.xml:18:13-20:36
48                android:name="android.app.lib_name"
48-->src\main\AndroidManifest.xml:19:17-52
49                android:value="" />
49-->src\main\AndroidManifest.xml:20:17-33
50        </activity>
51        <activity
51-->src\main\AndroidManifest.xml:42:9-54:20
52            android:name="com.example.projectapp.Activity.IntroActivity"
52-->src\main\AndroidManifest.xml:43:13-51
53            android:exported="true" >
53-->src\main\AndroidManifest.xml:44:13-36
54            <intent-filter>
54-->src\main\AndroidManifest.xml:45:13-49:29
55                <action android:name="android.intent.action.MAIN" />
55-->src\main\AndroidManifest.xml:46:17-69
55-->src\main\AndroidManifest.xml:46:25-66
56
57                <category android:name="android.intent.category.LAUNCHER" />
57-->src\main\AndroidManifest.xml:48:17-77
57-->src\main\AndroidManifest.xml:48:27-74
58            </intent-filter>
59
60            <meta-data
60-->src\main\AndroidManifest.xml:18:13-20:36
61                android:name="android.app.lib_name"
61-->src\main\AndroidManifest.xml:19:17-52
62                android:value="" />
62-->src\main\AndroidManifest.xml:20:17-33
63        </activity>
64
65        <provider
65-->[androidx.emoji2:emoji2:1.2.0] AndroidManifest.xml:24:9-32:20
66            android:name="androidx.startup.InitializationProvider"
66-->[androidx.emoji2:emoji2:1.2.0] AndroidManifest.xml:25:13-67
67            android:authorities="com.example.projectapp.androidx-startup"
67-->[androidx.emoji2:emoji2:1.2.0] AndroidManifest.xml:26:13-68
68            android:exported="false" >
68-->[androidx.emoji2:emoji2:1.2.0] AndroidManifest.xml:27:13-37
69            <meta-data
69-->[androidx.emoji2:emoji2:1.2.0] AndroidManifest.xml:29:13-31:52
70                android:name="androidx.emoji2.text.EmojiCompatInitializer"
70-->[androidx.emoji2:emoji2:1.2.0] AndroidManifest.xml:30:17-75
71                android:value="androidx.startup" />
71-->[androidx.emoji2:emoji2:1.2.0] AndroidManifest.xml:31:17-49
72            <meta-data
72-->[androidx.lifecycle:lifecycle-process:2.4.1] AndroidManifest.xml:31:13-33:52
73                android:name="androidx.lifecycle.ProcessLifecycleInitializer"
73-->[androidx.lifecycle:lifecycle-process:2.4.1] AndroidManifest.xml:32:17-78
74                android:value="androidx.startup" />
74-->[androidx.lifecycle:lifecycle-process:2.4.1] AndroidManifest.xml:33:17-49
75        </provider>
76    </application>
77
78</manifest>